<?xml version="1.0" encoding="UTF-8"?>
<coverage generated="1765151160486" clover="3.2.0">
  <project timestamp="1765151160486" name="All files">
    <metrics statements="37" coveredstatements="10" conditionals="10" coveredconditionals="2" methods="4" coveredmethods="1" elements="51" coveredelements="13" complexity="0" loc="37" ncloc="37" packages="1" files="1" classes="1"/>
    <file name="recipe.controller.js" path="C:\Users\dell\Dev\projet-cycle-vie-logicielle\backend\controllers\recipe.controller.js">
      <metrics statements="37" coveredstatements="10" conditionals="10" coveredconditionals="2" methods="4" coveredmethods="1"/>
      <line num="2" count="1" type="stmt"/>
      <line num="3" count="1" type="stmt"/>
      <line num="5" count="1" type="stmt"/>
      <line num="6" count="0" type="stmt"/>
      <line num="7" count="0" type="stmt"/>
      <line num="10" count="0" type="stmt"/>
      <line num="12" count="0" type="stmt"/>
      <line num="13" count="0" type="stmt"/>
      <line num="18" count="1" type="stmt"/>
      <line num="19" count="0" type="stmt"/>
      <line num="20" count="0" type="stmt"/>
      <line num="22" count="0" type="stmt"/>
      <line num="23" count="0" type="cond" truecount="0" falsecount="2"/>
      <line num="24" count="0" type="stmt"/>
      <line num="27" count="0" type="stmt"/>
      <line num="29" count="0" type="stmt"/>
      <line num="30" count="0" type="stmt"/>
      <line num="35" count="1" type="stmt"/>
      <line num="36" count="1" type="stmt"/>
      <line num="46" count="1" type="stmt"/>
      <line num="48" count="1" type="cond" truecount="2" falsecount="2"/>
      <line num="49" count="1" type="stmt"/>
      <line num="54" count="0" type="stmt"/>
      <line num="66" count="0" type="stmt"/>
      <line num="68" count="0" type="stmt"/>
      <line num="69" count="0" type="stmt"/>
      <line num="77" count="1" type="stmt"/>
      <line num="78" count="0" type="stmt"/>
      <line num="79" count="0" type="stmt"/>
      <line num="81" count="0" type="stmt"/>
      <line num="82" count="0" type="cond" truecount="0" falsecount="2"/>
      <line num="83" count="0" type="stmt"/>
      <line num="86" count="0" type="cond" truecount="0" falsecount="2"/>
      <line num="87" count="0" type="stmt"/>
      <line num="89" count="0" type="stmt"/>
      <line num="94" count="0" type="stmt"/>
      <line num="95" count="0" type="stmt"/>
    </file>
  </project>
</coverage>
