{"C:\\Users\\dell\\Dev\\projet-cycle-vie-logicielle\\backend\\controllers\\recipe.controller.js": {"path":"C:\\Users\\dell\\Dev\\projet-cycle-vie-logicielle\\backend\\controllers\\recipe.controller.js","statementMap":{"0":{"start":{"line":2,"column":11},"end":{"line":2,"column":31}},"1":{"start":{"line":3,"column":19},"end":{"line":3,"column":21}},"2":{"start":{"line":5,"column":0},"end":{"line":15,"column":2}},"3":{"start":{"line":6,"column":2},"end":{"line":14,"column":3}},"4":{"start":{"line":7,"column":20},"end":{"line":9,"column":6}},"5":{"start":{"line":10,"column":4},"end":{"line":10,"column":29}},"6":{"start":{"line":12,"column":4},"end":{"line":12,"column":50}},"7":{"start":{"line":13,"column":4},"end":{"line":13,"column":71}},"8":{"start":{"line":18,"column":0},"end":{"line":32,"column":2}},"9":{"start":{"line":19,"column":2},"end":{"line":31,"column":3}},"10":{"start":{"line":20,"column":19},"end":{"line":20,"column":29}},"11":{"start":{"line":22,"column":19},"end":{"line":22,"column":44}},"12":{"start":{"line":23,"column":4},"end":{"line":25,"column":5}},"13":{"start":{"line":24,"column":6},"end":{"line":24,"column":67}},"14":{"start":{"line":27,"column":4},"end":{"line":27,"column":28}},"15":{"start":{"line":29,"column":4},"end":{"line":29,"column":49}},"16":{"start":{"line":30,"column":4},"end":{"line":30,"column":70}},"17":{"start":{"line":35,"column":0},"end":{"line":74,"column":2}},"18":{"start":{"line":36,"column":2},"end":{"line":73,"column":3}},"19":{"start":{"line":46,"column":8},"end":{"line":46,"column":16}},"20":{"start":{"line":48,"column":4},"end":{"line":52,"column":5}},"21":{"start":{"line":49,"column":6},"end":{"line":51,"column":60}},"22":{"start":{"line":54,"column":22},"end":{"line":64,"column":6}},"23":{"start":{"line":66,"column":4},"end":{"line":66,"column":43}},"24":{"start":{"line":68,"column":4},"end":{"line":68,"column":49}},"25":{"start":{"line":69,"column":3},"end":{"line":72,"column":5}},"26":{"start":{"line":77,"column":0},"end":{"line":97,"column":2}},"27":{"start":{"line":78,"column":2},"end":{"line":96,"column":3}},"28":{"start":{"line":79,"column":19},"end":{"line":79,"column":29}},"29":{"start":{"line":81,"column":19},"end":{"line":81,"column":44}},"30":{"start":{"line":82,"column":4},"end":{"line":84,"column":5}},"31":{"start":{"line":83,"column":6},"end":{"line":83,"column":67}},"32":{"start":{"line":86,"column":4},"end":{"line":86,"column":53}},"33":{"start":{"line":87,"column":4},"end":{"line":87,"column":24}},"34":{"start":{"line":89,"column":4},"end":{"line":92,"column":7}},"35":{"start":{"line":94,"column":4},"end":{"line":94,"column":47}},"36":{"start":{"line":95,"column":4},"end":{"line":95,"column":68}}},"fnMap":{"0":{"name":"(anonymous_0)","decl":{"start":{"line":5,"column":24},"end":{"line":5,"column":25}},"loc":{"start":{"line":5,"column":44},"end":{"line":15,"column":1}},"line":5},"1":{"name":"(anonymous_1)","decl":{"start":{"line":18,"column":24},"end":{"line":18,"column":25}},"loc":{"start":{"line":18,"column":44},"end":{"line":32,"column":1}},"line":18},"2":{"name":"(anonymous_2)","decl":{"start":{"line":35,"column":23},"end":{"line":35,"column":24}},"loc":{"start":{"line":35,"column":43},"end":{"line":74,"column":1}},"line":35},"3":{"name":"(anonymous_3)","decl":{"start":{"line":77,"column":21},"end":{"line":77,"column":22}},"loc":{"start":{"line":77,"column":41},"end":{"line":97,"column":1}},"line":77}},"branchMap":{"0":{"loc":{"start":{"line":23,"column":4},"end":{"line":25,"column":5}},"type":"if","locations":[{"start":{"line":23,"column":4},"end":{"line":25,"column":5}},{"start":{},"end":{}}],"line":23},"1":{"loc":{"start":{"line":48,"column":4},"end":{"line":52,"column":5}},"type":"if","locations":[{"start":{"line":48,"column":4},"end":{"line":52,"column":5}},{"start":{},"end":{}}],"line":48},"2":{"loc":{"start":{"line":48,"column":8},"end":{"line":48,"column":25}},"type":"binary-expr","locations":[{"start":{"line":48,"column":8},"end":{"line":48,"column":15}},{"start":{"line":48,"column":19},"end":{"line":48,"column":25}}],"line":48},"3":{"loc":{"start":{"line":82,"column":4},"end":{"line":84,"column":5}},"type":"if","locations":[{"start":{"line":82,"column":4},"end":{"line":84,"column":5}},{"start":{},"end":{}}],"line":82},"4":{"loc":{"start":{"line":86,"column":25},"end":{"line":86,"column":47}},"type":"binary-expr","locations":[{"start":{"line":86,"column":25},"end":{"line":86,"column":42}},{"start":{"line":86,"column":46},"end":{"line":86,"column":47}}],"line":86}},"s":{"0":1,"1":1,"2":1,"3":0,"4":0,"5":0,"6":0,"7":0,"8":1,"9":0,"10":0,"11":0,"12":0,"13":0,"14":0,"15":0,"16":0,"17":1,"18":1,"19":1,"20":1,"21":1,"22":0,"23":0,"24":0,"25":0,"26":1,"27":0,"28":0,"29":0,"30":0,"31":0,"32":0,"33":0,"34":0,"35":0,"36":0},"f":{"0":0,"1":0,"2":1,"3":0},"b":{"0":[0,0],"1":[1,0],"2":[1,0],"3":[0,0],"4":[0,0]},"_coverageSchema":"1a1c01bbd47fc00a2c39e90264f33305004495a9","hash":"782f773b52ad69e79ab97d6b215cdb965d423224"}
}
