TN:
SF:controllers\recipe.controller.js
FN:5,(anonymous_0)
FN:18,(anonymous_1)
FN:35,(anonymous_2)
FN:77,(anonymous_3)
FNF:4
FNH:1
FNDA:0,(anonymous_0)
FNDA:0,(anonymous_1)
FNDA:1,(anonymous_2)
FNDA:0,(anonymous_3)
DA:2,1
DA:3,1
DA:5,1
DA:6,0
DA:7,0
DA:10,0
DA:12,0
DA:13,0
DA:18,1
DA:19,0
DA:20,0
DA:22,0
DA:23,0
DA:24,0
DA:27,0
DA:29,0
DA:30,0
DA:35,1
DA:36,1
DA:46,1
DA:48,1
DA:49,1
DA:54,0
DA:66,0
DA:68,0
DA:69,0
DA:77,1
DA:78,0
DA:79,0
DA:81,0
DA:82,0
DA:83,0
DA:86,0
DA:87,0
DA:89,0
DA:94,0
DA:95,0
LF:37
LH:10
BRDA:23,0,0,0
BRDA:23,0,1,0
BRDA:48,1,0,1
BRDA:48,1,1,0
BRDA:48,2,0,1
BRDA:48,2,1,0
BRDA:82,3,0,0
BRDA:82,3,1,0
BRDA:86,4,0,0
BRDA:86,4,1,0
BRF:10
BRH:2
end_of_record
